#
# A fatal error has been detected by the Java Runtime Environment:
#
#  EXCEPTION_ACCESS_VIOLATION (0xc0000005) at pc=0x000007fef322adc4, pid=5016, tid=4208
#
# JRE version: 6.0_17-b04
# Java VM: Java HotSpot(TM) 64-Bit Server VM (14.3-b01 mixed mode windows-amd64 )
# Problematic frame:
# C  0x000007fef322adc4
#
# If you would like to submit a bug report, please visit:
#   http://java.sun.com/webapps/bugreport/crash.jsp
# The crash happened outside the Java Virtual Machine in native code.
# See problematic frame for where to report the bug.
#

---------------  T H R E A D  ---------------

Current thread (0x0000000006497000):  JavaThread "main" [_thread_in_native, id=4208, stack(0x0000000000030000,0x0000000004030000)]

siginfo: ExceptionCode=0xc0000005, reading address 0x0000000000002c58

Registers:
EAX=0x0000000000000000, EBX=0x0000000000000000, ECX=0x0000000000000000, EDX=0x0000000000001070
ESP=0x0000000004026e40, EBP=0x0000000000000000, ESI=0x000007ffffea0000, EDI=0x00000000042edc70
EIP=0x000007fef322adc4, EFLAGS=0x0000000000010202

Top of Stack: (sp=0x0000000004026e40)
0x0000000004026e40:   0000000075dc0230 0000000000000000
0x0000000004026e50:   0000000000000000 000007fef3228c27
0x0000000004026e60:   0000000000000000 000000001a00011b
0x0000000004026e70:   000000007740e670 000000002a00012b
0x0000000004026e80:   00000000042edc70 000007fef3218c7f
0x0000000004026e90:   0000000000000000 0000000000000000
0x0000000004026ea0:   000007ffffea0000 000007fef31f0000
0x0000000004026eb0:   0000000000000000 000007fef321752d
0x0000000004026ec0:   0000000000000000 000007fef31f0000
0x0000000004026ed0:   0000000000000000 000000000e913f10
0x0000000004026ee0:   0000000000000001 000007fef31fc1ef
0x0000000004026ef0:   0000000000000001 000007fef31f0000
0x0000000004026f00:   0000000000000000 0000000075dc4e70
0x0000000004026f10:   0000000000000000 000007fef31fc586
0x0000000004026f20:   0000000000000000 0000000075dc4e70
0x0000000004026f30:   000007fee6f85b20 00000000770e1a7a 

Instructions: (pc=0x000007fef322adc4)
0x000007fef322adb4:   08 48 89 6c 24 10 48 89 74 24 18 57 48 83 ec 40
0x000007fef322adc4:   48 8b b9 58 2c 00 00 48 8b d9 48 85 ff 74 20 48 


Stack: [0x0000000000030000,0x0000000004030000],  sp=0x0000000004026e40,  free space=65499k
Native frames: (J=compiled Java code, j=interpreted, Vv=VM code, C=native code)
C  0x000007fef322adc4

[error occurred during error reporting (printing native stack), id 0xc0000005]

Java frames: (J=compiled Java code, j=interpreted, Vv=VM code)
j  com.mathworks.jmi.NativeMatlab.SendMatlabMessage(Ljava/lang/Object;)Ljava/lang/Object;+0
j  com.mathworks.jmi.NativeMatlab.sendMatlabMessage(Ljava/lang/Object;)Ljava/lang/Object;+22
j  com.mathworks.jmi.MatlabLooper.sendMatlabMessage(Lcom/mathworks/services/message/MWMessage;)Ljava/lang/Object;+20
j  com.mathworks.jmi.Matlab.mtFevalConsoleOutput(Ljava/lang/String;[Ljava/lang/Object;I)Ljava/lang/Object;+58
j  com.mathworks.mde.desk.MLDesktop$8.run()V+14
j  com.mathworks.jmi.NativeMatlab.dispatchMTRequests(Z)V+57
v  ~StubRoutines::call_stub

---------------  P R O C E S S  ---------------

Java Threads: ( => current thread )
  0x000000005f088000 JavaThread "Active Reference Queue Daemon" daemon [_thread_blocked, id=3000, stack(0x0000000123370000,0x0000000127370000)]
  0x000000005f087800 JavaThread "Timer-2" daemon [_thread_blocked, id=4780, stack(0x000000011f370000,0x0000000123370000)]
  0x000000005f07f800 JavaThread "Prefs Updater" daemon [_thread_blocked, id=5744, stack(0x000000011b370000,0x000000011f370000)]
  0x000000005f085000 JavaThread "Timer-1" daemon [_thread_blocked, id=3660, stack(0x00000000fe3a0000,0x00000001023a0000)]
  0x000000005f082800 JavaThread "com.jniwrapper.NativeResourceCollector" daemon [_thread_blocked, id=4040, stack(0x00000000f63a0000,0x00000000fa3a0000)]
  0x000000005f081000 JavaThread "ClipboardMonitor Timer" daemon [_thread_blocked, id=4796, stack(0x00000000ee3a0000,0x00000000f23a0000)]
  0x000000005f080000 JavaThread "Explorer NavigationContext request queue" daemon [_thread_blocked, id=2216, stack(0x00000000ea3a0000,0x00000000ee3a0000)]
  0x000000005f07e800 JavaThread "AddressBar directory emptiness poller" daemon [_thread_blocked, id=1900, stack(0x00000000e23a0000,0x00000000e63a0000)]
  0x000000005f07e000 JavaThread "Explorer Refresh Service 1505915906" daemon [_thread_blocked, id=4792, stack(0x00000000d0400000,0x00000000d4400000)]
  0x000000005f07d000 JavaThread "Thread-4" daemon [_thread_blocked, id=3888, stack(0x00000000dc400000,0x00000000e0400000)]
  0x000000005f07c000 JavaThread "TimerQueue" daemon [_thread_blocked, id=3916, stack(0x00000000d4400000,0x00000000d8400000)]
  0x000000005f07b000 JavaThread "Thread-3" daemon [_thread_blocked, id=1456, stack(0x00000000c0400000,0x00000000c4400000)]
  0x000000005ef9b800 JavaThread "AWT-EventQueue-0" [_thread_blocked, id=2332, stack(0x00000000bc400000,0x00000000c0400000)]
  0x000000005eec9000 JavaThread "com.google.common.base.internal.Finalizer" daemon [_thread_blocked, id=1160, stack(0x00000000b8400000,0x00000000bc400000)]
  0x000000005ee50000 JavaThread "AWT-Windows" daemon [_thread_in_native, id=3600, stack(0x00000000b0400000,0x00000000b4400000)]
  0x000000005ee4f000 JavaThread "AWT-Shutdown" [_thread_blocked, id=3096, stack(0x00000000ac400000,0x00000000b0400000)]
  0x000000005d936000 JavaThread "Java2D Disposer" daemon [_thread_blocked, id=3852, stack(0x00000000a8400000,0x00000000ac400000)]
  0x000000005d9e0000 JavaThread "Timer-0" [_thread_blocked, id=1120, stack(0x00000000a4400000,0x00000000a8400000)]
  0x000000005d9e2800 JavaThread "EventMgr Dispatcher" daemon [_thread_in_native, id=4784, stack(0x00000000a0400000,0x00000000a4400000)]
  0x000000000fc69800 JavaThread "Low Memory Detector" daemon [_thread_blocked, id=5304, stack(0x0000000098400000,0x000000009c400000)]
  0x000000000fc62800 JavaThread "CompilerThread1" daemon [_thread_blocked, id=4876, stack(0x0000000094400000,0x0000000098400000)]
  0x000000000fc4f800 JavaThread "CompilerThread0" daemon [_thread_blocked, id=5780, stack(0x000000006b9b0000,0x000000006f9b0000)]
  0x000000000fc49000 JavaThread "Attach Listener" daemon [_thread_blocked, id=5352, stack(0x00000000679b0000,0x000000006b9b0000)]
  0x000000000fbea800 JavaThread "Finalizer" daemon [_thread_blocked, id=4868, stack(0x00000000639b0000,0x00000000679b0000)]
  0x000000000fbea000 JavaThread "Reference Handler" daemon [_thread_blocked, id=2908, stack(0x000000005f9b0000,0x00000000639b0000)]
=>0x0000000006497000 JavaThread "main" [_thread_in_native, id=4208, stack(0x0000000000030000,0x0000000004030000)]

Other Threads:
  0x000000000fbe6800 VMThread [stack: 0x0000000059860000,0x000000005d860000] [id=3416]
  0x000000000fc9c800 WatcherThread [stack: 0x000000009c400000,0x00000000a0400000] [id=2152]

VM state:not at safepoint (normal execution)

VM Mutex/Monitor currently owned by a thread: None

Heap
 PSYoungGen      total 21568K, used 15423K [0x0000000091300000, 0x0000000092de0000, 0x0000000094400000)
  eden space 16000K, 72% used [0x0000000091300000,0x0000000091e60870,0x00000000922a0000)
  from space 5568K, 67% used [0x0000000092840000,0x0000000092bef6e0,0x0000000092db0000)
  to   space 5760K, 0% used [0x00000000922a0000,0x00000000922a0000,0x0000000092840000)
 PSOldGen        total 87296K, used 61874K [0x0000000088000000, 0x000000008d540000, 0x0000000091300000)
  object space 87296K, 70% used [0x0000000088000000,0x000000008bc6c898,0x000000008d540000)
 PSPermGen       total 97728K, used 77280K [0x0000000080000000, 0x0000000085f70000, 0x0000000088000000)
  object space 97728K, 79% used [0x0000000080000000,0x0000000084b78090,0x0000000085f70000)

Dynamic libraries:
0x0000000140000000 - 0x0000000140028000 	C:\Program Files\Matlab R2013a\bin\win64\MATLAB.exe
0x00000000772e0000 - 0x0000000077489000 	C:\Windows\SYSTEM32\ntdll.dll
0x00000000770c0000 - 0x00000000771df000 	C:\Windows\system32\kernel32.dll
0x000007fefd320000 - 0x000007fefd38c000 	C:\Windows\system32\KERNELBASE.dll
0x0000000074460000 - 0x0000000074515000 	C:\Program Files\Matlab R2013a\bin\win64\libut.dll
0x00000000758a0000 - 0x000000007595f000 	C:\Program Files\Matlab R2013a\bin\win64\libmwi18n.dll
0x0000000180000000 - 0x000000018000d000 	C:\Program Files\Matlab R2013a\bin\win64\libmwresource_core.dll
0x000000005f910000 - 0x000000005f9a8000 	C:\Program Files\Matlab R2013a\bin\win64\MSVCP100.dll
0x000000005f830000 - 0x000000005f902000 	C:\Program Files\Matlab R2013a\bin\win64\MSVCR100.dll
0x0000000074600000 - 0x000000007460e000 	C:\Program Files\Matlab R2013a\bin\win64\boost_date_time-vc100-mt-1_49.dll
0x000000005f800000 - 0x000000005f82c000 	C:\Program Files\Matlab R2013a\bin\win64\boost_filesystem-vc100-mt-1_49.dll
0x0000000070b00000 - 0x0000000070b09000 	C:\Program Files\Matlab R2013a\bin\win64\boost_system-vc100-mt-1_49.dll
0x000007fefd450000 - 0x000007fefd52b000 	C:\Windows\system32\ADVAPI32.dll
0x000007feff330000 - 0x000007feff3cf000 	C:\Windows\system32\msvcrt.dll
0x000007feff310000 - 0x000007feff32f000 	C:\Windows\SYSTEM32\sechost.dll
0x000007fefedc0000 - 0x000007fefeeed000 	C:\Windows\system32\RPCRT4.dll
0x000000005f7d0000 - 0x000000005f7f5000 	C:\Program Files\Matlab R2013a\bin\win64\LIBEXPAT.dll
0x00000000516d0000 - 0x000000005185a000 	C:\Program Files\Matlab R2013a\bin\win64\icuin49.dll
0x000000005f690000 - 0x000000005f7ce000 	C:\Program Files\Matlab R2013a\bin\win64\icuuc49.dll
0x000000000fff0000 - 0x0000000011112000 	C:\Program Files\Matlab R2013a\bin\win64\icudt49.dll
0x0000000070ab0000 - 0x0000000070ac0000 	C:\Program Files\Matlab R2013a\bin\win64\icuio49.dll
0x0000000073f70000 - 0x0000000074112000 	C:\Program Files\Matlab R2013a\bin\win64\libmwfl.dll
0x000000007a350000 - 0x000000007a737000 	C:\Program Files\Matlab R2013a\bin\win64\libmwMATLAB_res.dll
0x000000005e220000 - 0x000000005e2ff000 	C:\Program Files\Matlab R2013a\bin\win64\boost_regex-vc100-mt-1_49.dll
0x00000000771e0000 - 0x00000000772da000 	C:\Windows\system32\USER32.dll
0x000007feff2a0000 - 0x000007feff307000 	C:\Windows\system32\GDI32.dll
0x000007fefd530000 - 0x000007fefd53e000 	C:\Windows\system32\LPK.dll
0x000007fefdbe0000 - 0x000007fefdca9000 	C:\Windows\system32\USP10.dll
0x000000005f670000 - 0x000000005f681000 	C:\Program Files\Matlab R2013a\bin\win64\boost_signals-vc100-mt-1_49.dll
0x000000005f650000 - 0x000000005f661000 	C:\Program Files\Matlab R2013a\bin\win64\boost_thread-vc100-mt-1_49.dll
0x000007feef660000 - 0x000007feef6ec000 	C:\Program Files\Matlab R2013a\bin\win64\boost_log-vc100-mt-1_49.dll
0x00000000774a0000 - 0x00000000774a7000 	C:\Windows\system32\PSAPI.DLL
0x000007fefd540000 - 0x000007fefd58d000 	C:\Windows\system32\WS2_32.dll
0x000007feff5e0000 - 0x000007feff5e8000 	C:\Windows\system32\NSI.dll
0x000007fefab20000 - 0x000007fefab53000 	C:\Program Files\Matlab R2013a\bin\win64\tbb.dll
0x000007fefde90000 - 0x000007fefdea9000 	C:\Windows\system32\imagehlp.dll
0x000007fefad80000 - 0x000007fefadac000 	C:\Windows\system32\POWRPROF.dll
0x000007fefd590000 - 0x000007fefd767000 	C:\Windows\system32\SETUPAPI.dll
0x000007fefd400000 - 0x000007fefd436000 	C:\Windows\system32\CFGMGR32.dll
0x000007feff1c0000 - 0x000007feff297000 	C:\Windows\system32\OLEAUT32.dll
0x000007feff3d0000 - 0x000007feff5d3000 	C:\Windows\system32\ole32.dll
0x000007fefd3e0000 - 0x000007fefd3fa000 	C:\Windows\system32\DEVOBJ.dll
0x0000000004100000 - 0x0000000004121000 	C:\Program Files\Matlab R2013a\bin\win64\libmwmfl_scalar.dll
0x000007fef70f0000 - 0x000007fef7215000 	C:\Windows\system32\dbghelp.dll
0x0000000004310000 - 0x000000000463f000 	C:\Program Files\Matlab R2013a\bin\win64\libmwservices.dll
0x0000000075a20000 - 0x0000000075b0b000 	C:\Program Files\Matlab R2013a\bin\win64\libmx.dll
0x000007fef95c0000 - 0x000007fef95e8000 	C:\Program Files\Matlab R2013a\bin\win64\tbbmalloc.dll
0x000000005e520000 - 0x000000005e537000 	C:\Program Files\Matlab R2013a\bin\win64\zlib1.dll
0x0000000004130000 - 0x000000000417e000 	C:\Program Files\Matlab R2013a\bin\win64\libmwregexp.dll
0x0000000075f10000 - 0x0000000075f57000 	C:\Program Files\Matlab R2013a\bin\win64\mpath.dll
0x000000007b680000 - 0x000000007bc66000 	C:\Program Files\Matlab R2013a\bin\win64\mlutil.dll
0x00000000754d0000 - 0x0000000075547000 	C:\Program Files\Matlab R2013a\bin\win64\xmlcore.dll
0x0000000051480000 - 0x00000000516c1000 	C:\Program Files\Matlab R2013a\bin\win64\xerces-c_2_7.dll
0x0000000004190000 - 0x00000000041b2000 	C:\Program Files\Matlab R2013a\bin\win64\libmwMATLAB_settings_res.dll
0x000007fefa740000 - 0x000007fefa750000 	C:\Program Files\Matlab R2013a\bin\win64\boost_iostreams-vc100-mt-1_49.dll
0x000007fef2af0000 - 0x000007fef2b36000 	C:\Program Files\Matlab R2013a\bin\win64\boost_serialization-vc100-mt-1_49.dll
0x000007fefdeb0000 - 0x000007fefec39000 	C:\Windows\system32\SHELL32.dll
0x000007fefeca0000 - 0x000007fefed11000 	C:\Windows\system32\SHLWAPI.dll
0x00000000041c0000 - 0x00000000041c6000 	C:\Program Files\Matlab R2013a\bin\win64\libmwnativedisplay.dll
0x000007fef65f0000 - 0x000007fef6690000 	C:\Windows\WinSxS\amd64_microsoft.windows.common-controls_6595b64144ccf1df_5.82.7601.18837_none_a4d981ff711297b6\COMCTL32.dll
0x000007fefed20000 - 0x000007fefedb7000 	C:\Windows\system32\COMDLG32.dll
0x000007fef9b70000 - 0x000007fef9b86000 	C:\Windows\system32\NETAPI32.dll
0x000007fefc880000 - 0x000007fefc88c000 	C:\Windows\system32\netutils.dll
0x000007fefcb10000 - 0x000007fefcb33000 	C:\Windows\system32\srvcli.dll
0x000007fef9b50000 - 0x000007fef9b65000 	C:\Windows\system32\wkscli.dll
0x0000000074970000 - 0x0000000074a18000 	C:\Program Files\Matlab R2013a\bin\win64\mcr.dll
0x0000000075000000 - 0x00000000753b1000 	C:\Program Files\Matlab R2013a\bin\win64\iqm.dll
0x0000000074e80000 - 0x0000000074f30000 	C:\Program Files\Matlab R2013a\bin\win64\m_dispatcher.dll
0x0000000004640000 - 0x0000000004e48000 	C:\Program Files\Matlab R2013a\bin\win64\m_interpreter.dll
0x00000000041d0000 - 0x00000000041f4000 	C:\Program Files\Matlab R2013a\bin\win64\libmex.dll
0x0000000075430000 - 0x00000000754ab000 	C:\Program Files\Matlab R2013a\bin\win64\profiler.dll
0x0000000004e50000 - 0x00000000050d3000 	C:\Program Files\Matlab R2013a\bin\win64\libmwmathutil.dll
0x0000000079f40000 - 0x0000000079f66000 	C:\Program Files\Matlab R2013a\bin\win64\libmwmathrng.dll
0x0000000004200000 - 0x0000000004210000 	C:\Program Files\Matlab R2013a\bin\win64\libmwmfl_rng.dll
0x0000000074c10000 - 0x0000000074cf8000 	C:\Program Files\Matlab R2013a\bin\win64\libmwmathcore.dll
0x0000000076160000 - 0x00000000761c3000 	C:\Program Files\Matlab R2013a\bin\win64\libmwspmatrix.dll
0x000000007b0a0000 - 0x000000007b2f6000 	C:\Program Files\Matlab R2013a\bin\win64\mcos.dll
0x0000000075ea0000 - 0x0000000075f02000 	C:\Program Files\Matlab R2013a\bin\win64\libmwcholmod.dll
0x00000000050f0000 - 0x00000000050fd000 	C:\Program Files\Matlab R2013a\bin\win64\libmwamd.dll
0x000000005e0c0000 - 0x000000005e163000 	C:\Windows\WinSxS\amd64_microsoft.vc90.crt_1fc8b3b9a1e18e3b_9.0.30729.6161_none_08e61857a83bc251\MSVCR90.dll
0x0000000005110000 - 0x000000000511c000 	C:\Program Files\Matlab R2013a\bin\win64\libmwcolamd.dll
0x000000007a290000 - 0x000000007a2a3000 	C:\Program Files\Matlab R2013a\bin\win64\libmwblas.dll
0x000000007a310000 - 0x000000007a325000 	C:\Program Files\Matlab R2013a\bin\win64\libmwbinder.dll
0x0000000005130000 - 0x000000000513b000 	C:\Program Files\Matlab R2013a\bin\win64\libmwompwrapper.dll
0x0000000075820000 - 0x000000007589e000 	C:\Program Files\Matlab R2013a\bin\win64\libmwlapack.dll
0x000000007a1b0000 - 0x000000007a1d0000 	C:\Program Files\Matlab R2013a\bin\win64\m_pcodeio.dll
0x0000000079b10000 - 0x0000000079b6c000 	C:\Program Files\Matlab R2013a\bin\win64\m_ir.dll
0x0000000078ed0000 - 0x0000000079579000 	C:\Program Files\Matlab R2013a\bin\win64\m_parser.dll
0x000000007a2f0000 - 0x000000007a307000 	C:\Program Files\Matlab R2013a\bin\win64\ir_xfmr.dll
0x0000000005140000 - 0x0000000005150000 	C:\Program Files\Matlab R2013a\bin\win64\mtok.dll
0x000000007a130000 - 0x000000007a158000 	C:\Program Files\Matlab R2013a\bin\win64\m_pcodegen.dll
0x0000000079fb0000 - 0x0000000079fdf000 	C:\Program Files\Matlab R2013a\bin\win64\libmwbridge.dll
0x0000000074f40000 - 0x0000000074ff6000 	C:\Program Files\Matlab R2013a\bin\win64\udd.dll
0x0000000073cc0000 - 0x0000000073e0e000 	C:\Program Files\Matlab R2013a\bin\win64\libmwgui.dll
0x000000007a1d0000 - 0x000000007a1f4000 	C:\Program Files\Matlab R2013a\bin\win64\graphics_util.dll
0x000007feef410000 - 0x000007feef4c8000 	C:\Program Files\Matlab R2013a\bin\win64\libtex_base.dll
0x0000000005150000 - 0x0000000005a93000 	C:\Program Files\Matlab R2013a\bin\win64\hg.dll
0x0000000076100000 - 0x000000007615a000 	C:\Program Files\Matlab R2013a\bin\win64\libmat.dll
0x0000000072d30000 - 0x0000000072f38000 	C:\Program Files\Matlab R2013a\bin\win64\hdf5dll.dll
0x0000000075710000 - 0x00000000757d8000 	C:\Program Files\Matlab R2013a\bin\win64\jmi.dll
0x0000000005ab0000 - 0x0000000005abe000 	C:\Program Files\Matlab R2013a\bin\win64\nativejava_services.dll
0x0000000005ac0000 - 0x0000000005b00000 	C:\Program Files\Matlab R2013a\bin\win64\libmwhardcopy.dll
0x0000000075c70000 - 0x0000000075cce000 	C:\Program Files\Matlab R2013a\bin\win64\libuij.dll
0x0000000072f50000 - 0x000000007318f000 	C:\Program Files\Matlab R2013a\bin\win64\hgdatatypes.dll
0x0000000005b00000 - 0x0000000005beb000 	C:\Program Files\Matlab R2013a\bin\win64\hgutils.dll
0x0000000005bf0000 - 0x0000000005c9e000 	C:\Program Files\Matlab R2013a\bin\win64\udd_mi.dll
0x0000000005ca0000 - 0x0000000005cd6000 	C:\Program Files\Matlab R2013a\bin\win64\libmwgbtutils.dll
0x0000000005ce0000 - 0x0000000005cf4000 	C:\Program Files\Matlab R2013a\bin\win64\libmwgbt.dll
0x0000000005d00000 - 0x0000000005fce000 	C:\Program Files\Matlab R2013a\bin\win64\uiw.dll
0x0000000005fd0000 - 0x0000000005fd9000 	C:\Program Files\Matlab R2013a\bin\win64\uinone.dll
0x0000000005fe0000 - 0x0000000006006000 	C:\Program Files\Matlab R2013a\bin\win64\libmwnativefiledialogs.dll
0x0000000006010000 - 0x000000000601c000 	C:\Program Files\Matlab R2013a\bin\win64\libmwplatform_res.dll
0x000007fef5920000 - 0x000007fef5938000 	C:\Windows\system32\MPR.dll
0x0000000050f20000 - 0x000000005147d000 	C:\Program Files\Matlab R2013a\bin\win64\mfc100.dll
0x000007fefaa60000 - 0x000007fefaa67000 	C:\Windows\system32\MSIMG32.dll
0x000007fef72f0000 - 0x000007fef7361000 	C:\Windows\system32\WINSPOOL.DRV
0x0000000006020000 - 0x000000000603d000 	C:\Program Files\Matlab R2013a\bin\win64\mwoles05.DLL
0x0000000006040000 - 0x00000000060ac000 	C:\Program Files\Matlab R2013a\bin\win64\comcli.dll
0x000000005e460000 - 0x000000005e48b000 	C:\Program Files\Matlab R2013a\bin\win64\ATL100.DLL
0x00000000060b0000 - 0x00000000060bc000 	C:\Program Files\Matlab R2013a\bin\win64\mlautoregister.dll
0x00000000060c0000 - 0x0000000006216000 	C:\Program Files\Matlab R2013a\bin\win64\mvm.dll
0x000007fefde60000 - 0x000007fefde8e000 	C:\Windows\system32\IMM32.DLL
0x000007fefdd50000 - 0x000007fefde59000 	C:\Windows\system32\MSCTF.dll
0x000007fefb8f0000 - 0x000007fefb946000 	C:\Windows\system32\UxTheme.dll
0x000007fefb390000 - 0x000007fefb3a8000 	C:\Windows\system32\dwmapi.dll
0x0000000070aa0000 - 0x0000000070aad000 	C:\Program Files\Matlab R2013a\bin\win64\MFC100ENU.DLL
0x00000000062b0000 - 0x00000000062fe000 	C:\Program Files\Matlab R2013a\bin\win64\MVMLocal.dll
0x000007fefd090000 - 0x000007fefd09f000 	C:\Windows\system32\profapi.dll

VM Arguments:
jvm_args: -XX:PermSize=32m -Xms64m -XX:NewRatio=3 -XX:MaxPermSize=128m -Xmx196m -XX:MaxDirectMemorySize=2147400000 -Dsun.java2d.noddraw=true -Dsun.awt.nopixfmt=true -Xshare:off -Xrs -Dsun.awt.disableMixing=true -Djava.library.path=C:\Program Files\Matlab R2013a\bin\win64;C:\Program Files\Matlab R2013a\sys\jxbrowser\win64\lib vfprintf abort -XX:ParallelGCThreads=6 
java_command: <unknown>
Launcher Type: generic

Environment Variables:
PATH=C:\Python27\Lib\site-packages\PyQt4;C:\Program Files\Common Files\Microsoft Shared\Windows Live;C:\Program Files (x86)\Common Files\Microsoft Shared\Windows Live;C:\Windows\system32;C:\Windows;C:\Windows\System32\Wbem;C:\Windows\System32\WindowsPowerShell\v1.0\;C:\Program Files (x86)\Windows Live\Shared;C:\Program Files\Matlab R2013a\runtime\win64;C:\Program Files\Matlab R2013a\bin;C:\Users\ycpeng\CTEX\UserData\miktex\bin;C:\Users\ycpeng\CTEX\MiKTeX\miktex\bin;C:\Users\ycpeng\CTEX\CTeX\ctex\bin;C:\Users\ycpeng\CTEX\CTeX\cct\bin;C:\Users\ycpeng\CTEX\CTeX\ty\bin;C:\Users\ycpeng\CTEX\Ghostscript\gs9.05\bin;C:\Users\ycpeng\CTEX\GSview\gsview;C:\Users\ycpeng\CTEX\WinEdt;c:\users\ycpeng\appdata\local\enthought\canopy\user\scripts;C:\Python27\Lib\site-packages\PyQt4;C:\Python27;C:\Python27\DLLs;C:\Python27\Scripts;C:\Python27\gnuplot\binary;C:\Users\ycpeng\pythonxy\SciTE-3.5.1-4;C:\Users\ycpeng\pythonxy\console;C:\Python27\Lib\site-packages\vtk;C:\Python27\Lib\site-packages\osgeo;C:\Program Files (x86)\pythonxy\swig;C:\Program Files (x86)\pythonxy\gettext\bin;C:\Users\ycpeng\AppData\Local\Enthought\Canopy\User;C:\Users\ycpeng\AppData\Local\Enthought\Canopy\User\Scripts
USERNAME=ycpeng
OS=Windows_NT
PROCESSOR_IDENTIFIER=Intel64 Family 6 Model 58 Stepping 9, GenuineIntel



---------------  S Y S T E M  ---------------

OS: Windows 7 Build 7601 Service Pack 1

CPU:total 8 (8 cores per cpu, 2 threads per core) family 6 model 58 stepping 9, cmov, cx8, fxsr, mmx, sse, sse2, sse3, ssse3, sse4.1, sse4.2, ht

Memory: 4k page, physical 8272272k(4953744k free), swap 16542704k(12946600k free)

vm_info: Java HotSpot(TM) 64-Bit Server VM (14.3-b01) for windows-amd64 JRE (1.6.0_17-b04), built on Oct 11 2009 00:46:08 by "java_re" with MS VC++ 8.0

time: Mon Sep 21 16:51:05 2015
elapsed time: 1632 seconds

